<?xml version="1.0" encoding="UTF-8"?>
<testsuite xmlns:xsi="http://www.w3.org/2001/XMLSchema-instance" xsi:noNamespaceSchemaLocation="https://maven.apache.org/surefire/maven-surefire-plugin/xsd/surefire-test-report.xsd" name="com.youliao.dubbo.server.api.TestTimeLineService" time="0" tests="1" errors="1" skipped="0" failures="0">
  <properties>
    <property name="sun.desktop" value="windows"/>
    <property name="awt.toolkit" value="sun.awt.windows.WToolkit"/>
    <property name="file.encoding.pkg" value="sun.io"/>
    <property name="java.specification.version" value="1.8"/>
    <property name="sun.cpu.isalist" value="amd64"/>
    <property name="sun.jnu.encoding" value="GBK"/>
    <property name="java.class.path" value="C:\CodeSpace\youliao\my-youliao-dubbo\my-youliao-dubbo-service\target\test-classes;C:\CodeSpace\youliao\my-youliao-dubbo\my-youliao-dubbo-service\target\classes;C:\CodeSpace\youliao\my-youliao-dubbo\my-youliao-dubbo-interface\target\my-youliao-dubbo-interface-1.0-SNAPSHOT.jar;C:\life\repository_boot\org\projectlombok\lombok\1.18.4\lombok-1.18.4.jar;C:\life\repository_boot\com\baomidou\mybatis-plus-annotation\3.1.1\mybatis-plus-annotation-3.1.1.jar;C:\life\repository_boot\org\springframework\boot\spring-boot-starter\2.1.0.RELEASE\spring-boot-starter-2.1.0.RELEASE.jar;C:\life\repository_boot\org\springframework\boot\spring-boot\2.1.0.RELEASE\spring-boot-2.1.0.RELEASE.jar;C:\life\repository_boot\org\springframework\spring-context\5.1.2.RELEASE\spring-context-5.1.2.RELEASE.jar;C:\life\repository_boot\org\springframework\boot\spring-boot-autoconfigure\2.1.0.RELEASE\spring-boot-autoconfigure-2.1.0.RELEASE.jar;C:\life\repository_boot\org\springframework\boot\spring-boot-starter-logging\2.1.0.RELEASE\spring-boot-starter-logging-2.1.0.RELEASE.jar;C:\life\repository_boot\ch\qos\logback\logback-classic\1.2.3\logback-classic-1.2.3.jar;C:\life\repository_boot\ch\qos\logback\logback-core\1.2.3\logback-core-1.2.3.jar;C:\life\repository_boot\org\apache\logging\log4j\log4j-to-slf4j\2.11.1\log4j-to-slf4j-2.11.1.jar;C:\life\repository_boot\org\apache\logging\log4j\log4j-api\2.11.1\log4j-api-2.11.1.jar;C:\life\repository_boot\org\slf4j\jul-to-slf4j\1.7.25\jul-to-slf4j-1.7.25.jar;C:\life\repository_boot\javax\annotation\javax.annotation-api\1.3.2\javax.annotation-api-1.3.2.jar;C:\life\repository_boot\org\springframework\spring-core\5.1.2.RELEASE\spring-core-5.1.2.RELEASE.jar;C:\life\repository_boot\org\springframework\spring-jcl\5.1.2.RELEASE\spring-jcl-5.1.2.RELEASE.jar;C:\life\repository_boot\org\yaml\snakeyaml\1.23\snakeyaml-1.23.jar;C:\life\repository_boot\com\alibaba\boot\dubbo-spring-boot-starter\0.2.0\dubbo-spring-boot-starter-0.2.0.jar;C:\life\repository_boot\com\alibaba\dubbo\2.6.4\dubbo-2.6.4.jar;C:\life\repository_boot\org\javassist\javassist\3.20.0-GA\javassist-3.20.0-GA.jar;C:\life\repository_boot\org\jboss\netty\netty\3.2.5.Final\netty-3.2.5.Final.jar;C:\life\repository_boot\org\apache\zookeeper\zookeeper\3.4.13\zookeeper-3.4.13.jar;C:\life\repository_boot\org\slf4j\slf4j-api\1.7.25\slf4j-api-1.7.25.jar;C:\life\repository_boot\jline\jline\0.9.94\jline-0.9.94.jar;C:\life\repository_boot\org\apache\yetus\audience-annotations\0.5.0\audience-annotations-0.5.0.jar;C:\life\repository_boot\io\netty\netty\3.10.6.Final\netty-3.10.6.Final.jar;C:\life\repository_boot\org\apache\curator\curator-framework\2.12.0\curator-framework-2.12.0.jar;C:\life\repository_boot\org\apache\curator\curator-client\2.12.0\curator-client-2.12.0.jar;C:\life\repository_boot\com\google\guava\guava\16.0.1\guava-16.0.1.jar;C:\life\repository_boot\com\alibaba\boot\dubbo-spring-boot-autoconfigure\0.2.0\dubbo-spring-boot-autoconfigure-0.2.0.jar;C:\life\repository_boot\com\github\sgroschupf\zkclient\0.1\zkclient-0.1.jar;C:\life\repository_boot\log4j\log4j\1.2.14\log4j-1.2.14.jar;C:\life\repository_boot\org\springframework\boot\spring-boot-starter-data-mongodb\2.1.0.RELEASE\spring-boot-starter-data-mongodb-2.1.0.RELEASE.jar;C:\life\repository_boot\org\mongodb\mongodb-driver\3.8.2\mongodb-driver-3.8.2.jar;C:\life\repository_boot\org\springframework\data\spring-data-mongodb\2.1.2.RELEASE\spring-data-mongodb-2.1.2.RELEASE.jar;C:\life\repository_boot\org\springframework\spring-tx\5.1.2.RELEASE\spring-tx-5.1.2.RELEASE.jar;C:\life\repository_boot\org\springframework\spring-beans\5.1.2.RELEASE\spring-beans-5.1.2.RELEASE.jar;C:\life\repository_boot\org\springframework\spring-expression\5.1.2.RELEASE\spring-expression-5.1.2.RELEASE.jar;C:\life\repository_boot\org\springframework\data\spring-data-commons\2.1.2.RELEASE\spring-data-commons-2.1.2.RELEASE.jar;C:\life\repository_boot\org\mongodb\mongodb-driver-sync\3.9.1\mongodb-driver-sync-3.9.1.jar;C:\life\repository_boot\org\mongodb\bson\3.8.2\bson-3.8.2.jar;C:\life\repository_boot\org\mongodb\mongodb-driver-core\3.8.2\mongodb-driver-core-3.8.2.jar;C:\life\repository_boot\org\apache\commons\commons-lang3\3.7\commons-lang3-3.7.jar;C:\life\repository_boot\joda-time\joda-time\2.9.9\joda-time-2.9.9.jar;C:\life\repository_boot\io\netty\netty-all\4.1.32.Final\netty-all-4.1.32.Final.jar;C:\life\repository_boot\cn\hutool\hutool-all\5.5.2\hutool-all-5.5.2.jar;C:\life\repository_boot\org\springframework\boot\spring-boot-starter-data-redis\2.1.0.RELEASE\spring-boot-starter-data-redis-2.1.0.RELEASE.jar;C:\life\repository_boot\org\springframework\data\spring-data-redis\2.1.2.RELEASE\spring-data-redis-2.1.2.RELEASE.jar;C:\life\repository_boot\org\springframework\data\spring-data-keyvalue\2.1.2.RELEASE\spring-data-keyvalue-2.1.2.RELEASE.jar;C:\life\repository_boot\org\springframework\spring-oxm\5.1.2.RELEASE\spring-oxm-5.1.2.RELEASE.jar;C:\life\repository_boot\org\springframework\spring-aop\5.1.2.RELEASE\spring-aop-5.1.2.RELEASE.jar;C:\life\repository_boot\org\springframework\spring-context-support\5.1.2.RELEASE\spring-context-support-5.1.2.RELEASE.jar;C:\life\repository_boot\io\lettuce\lettuce-core\5.1.2.RELEASE\lettuce-core-5.1.2.RELEASE.jar;C:\life\repository_boot\io\projectreactor\reactor-core\3.2.2.RELEASE\reactor-core-3.2.2.RELEASE.jar;C:\life\repository_boot\org\reactivestreams\reactive-streams\1.0.2\reactive-streams-1.0.2.jar;C:\life\repository_boot\io\netty\netty-common\4.1.29.Final\netty-common-4.1.29.Final.jar;C:\life\repository_boot\io\netty\netty-transport\4.1.29.Final\netty-transport-4.1.29.Final.jar;C:\life\repository_boot\io\netty\netty-buffer\4.1.29.Final\netty-buffer-4.1.29.Final.jar;C:\life\repository_boot\io\netty\netty-resolver\4.1.29.Final\netty-resolver-4.1.29.Final.jar;C:\life\repository_boot\io\netty\netty-handler\4.1.29.Final\netty-handler-4.1.29.Final.jar;C:\life\repository_boot\io\netty\netty-codec\4.1.29.Final\netty-codec-4.1.29.Final.jar;C:\life\repository_boot\org\springframework\boot\spring-boot-starter-test\2.1.0.RELEASE\spring-boot-starter-test-2.1.0.RELEASE.jar;C:\life\repository_boot\org\springframework\boot\spring-boot-test\2.1.0.RELEASE\spring-boot-test-2.1.0.RELEASE.jar;C:\life\repository_boot\org\springframework\boot\spring-boot-test-autoconfigure\2.1.0.RELEASE\spring-boot-test-autoconfigure-2.1.0.RELEASE.jar;C:\life\repository_boot\com\jayway\jsonpath\json-path\2.4.0\json-path-2.4.0.jar;C:\life\repository_boot\net\minidev\json-smart\2.3\json-smart-2.3.jar;C:\life\repository_boot\net\minidev\accessors-smart\1.2\accessors-smart-1.2.jar;C:\life\repository_boot\org\ow2\asm\asm\5.0.4\asm-5.0.4.jar;C:\life\repository_boot\org\assertj\assertj-core\3.11.1\assertj-core-3.11.1.jar;C:\life\repository_boot\org\mockito\mockito-core\2.23.0\mockito-core-2.23.0.jar;C:\life\repository_boot\net\bytebuddy\byte-buddy\1.9.3\byte-buddy-1.9.3.jar;C:\life\repository_boot\net\bytebuddy\byte-buddy-agent\1.9.3\byte-buddy-agent-1.9.3.jar;C:\life\repository_boot\org\objenesis\objenesis\2.6\objenesis-2.6.jar;C:\life\repository_boot\org\hamcrest\hamcrest-core\1.3\hamcrest-core-1.3.jar;C:\life\repository_boot\org\hamcrest\hamcrest-library\1.3\hamcrest-library-1.3.jar;C:\life\repository_boot\org\skyscreamer\jsonassert\1.5.0\jsonassert-1.5.0.jar;C:\life\repository_boot\com\vaadin\external\google\android-json\0.0.20131108.vaadin1\android-json-0.0.20131108.vaadin1.jar;C:\life\repository_boot\org\springframework\spring-test\5.1.2.RELEASE\spring-test-5.1.2.RELEASE.jar;C:\life\repository_boot\org\xmlunit\xmlunit-core\2.6.2\xmlunit-core-2.6.2.jar;C:\life\repository_boot\junit\junit\4.12\junit-4.12.jar;"/>
    <property name="java.vm.vendor" value="Oracle Corporation"/>
    <property name="sun.arch.data.model" value="64"/>
    <property name="user.variant" value=""/>
    <property name="java.vendor.url" value="http://java.oracle.com/"/>
    <property name="user.timezone" value="Asia/Shanghai"/>
    <property name="java.vm.specification.version" value="1.8"/>
    <property name="os.name" value="Windows 10"/>
    <property name="user.country" value="CN"/>
    <property name="sun.java.launcher" value="SUN_STANDARD"/>
    <property name="sun.boot.library.path" value="C:\Program Files\Java\jdk1.8.0_301\jre\bin"/>
    <property name="sun.java.command" value="C:\Users\15335\AppData\Local\Temp\surefire5529579104878999231\surefirebooter75323819885627879.jar C:\Users\15335\AppData\Local\Temp\surefire5529579104878999231 2021-11-30T18-33-21_317-jvmRun1 surefire2765899078505598318tmp surefire_05653740479743189230tmp"/>
    <property name="surefire.test.class.path" value="C:\CodeSpace\youliao\my-youliao-dubbo\my-youliao-dubbo-service\target\test-classes;C:\CodeSpace\youliao\my-youliao-dubbo\my-youliao-dubbo-service\target\classes;C:\CodeSpace\youliao\my-youliao-dubbo\my-youliao-dubbo-interface\target\my-youliao-dubbo-interface-1.0-SNAPSHOT.jar;C:\life\repository_boot\org\projectlombok\lombok\1.18.4\lombok-1.18.4.jar;C:\life\repository_boot\com\baomidou\mybatis-plus-annotation\3.1.1\mybatis-plus-annotation-3.1.1.jar;C:\life\repository_boot\org\springframework\boot\spring-boot-starter\2.1.0.RELEASE\spring-boot-starter-2.1.0.RELEASE.jar;C:\life\repository_boot\org\springframework\boot\spring-boot\2.1.0.RELEASE\spring-boot-2.1.0.RELEASE.jar;C:\life\repository_boot\org\springframework\spring-context\5.1.2.RELEASE\spring-context-5.1.2.RELEASE.jar;C:\life\repository_boot\org\springframework\boot\spring-boot-autoconfigure\2.1.0.RELEASE\spring-boot-autoconfigure-2.1.0.RELEASE.jar;C:\life\repository_boot\org\springframework\boot\spring-boot-starter-logging\2.1.0.RELEASE\spring-boot-starter-logging-2.1.0.RELEASE.jar;C:\life\repository_boot\ch\qos\logback\logback-classic\1.2.3\logback-classic-1.2.3.jar;C:\life\repository_boot\ch\qos\logback\logback-core\1.2.3\logback-core-1.2.3.jar;C:\life\repository_boot\org\apache\logging\log4j\log4j-to-slf4j\2.11.1\log4j-to-slf4j-2.11.1.jar;C:\life\repository_boot\org\apache\logging\log4j\log4j-api\2.11.1\log4j-api-2.11.1.jar;C:\life\repository_boot\org\slf4j\jul-to-slf4j\1.7.25\jul-to-slf4j-1.7.25.jar;C:\life\repository_boot\javax\annotation\javax.annotation-api\1.3.2\javax.annotation-api-1.3.2.jar;C:\life\repository_boot\org\springframework\spring-core\5.1.2.RELEASE\spring-core-5.1.2.RELEASE.jar;C:\life\repository_boot\org\springframework\spring-jcl\5.1.2.RELEASE\spring-jcl-5.1.2.RELEASE.jar;C:\life\repository_boot\org\yaml\snakeyaml\1.23\snakeyaml-1.23.jar;C:\life\repository_boot\com\alibaba\boot\dubbo-spring-boot-starter\0.2.0\dubbo-spring-boot-starter-0.2.0.jar;C:\life\repository_boot\com\alibaba\dubbo\2.6.4\dubbo-2.6.4.jar;C:\life\repository_boot\org\javassist\javassist\3.20.0-GA\javassist-3.20.0-GA.jar;C:\life\repository_boot\org\jboss\netty\netty\3.2.5.Final\netty-3.2.5.Final.jar;C:\life\repository_boot\org\apache\zookeeper\zookeeper\3.4.13\zookeeper-3.4.13.jar;C:\life\repository_boot\org\slf4j\slf4j-api\1.7.25\slf4j-api-1.7.25.jar;C:\life\repository_boot\jline\jline\0.9.94\jline-0.9.94.jar;C:\life\repository_boot\org\apache\yetus\audience-annotations\0.5.0\audience-annotations-0.5.0.jar;C:\life\repository_boot\io\netty\netty\3.10.6.Final\netty-3.10.6.Final.jar;C:\life\repository_boot\org\apache\curator\curator-framework\2.12.0\curator-framework-2.12.0.jar;C:\life\repository_boot\org\apache\curator\curator-client\2.12.0\curator-client-2.12.0.jar;C:\life\repository_boot\com\google\guava\guava\16.0.1\guava-16.0.1.jar;C:\life\repository_boot\com\alibaba\boot\dubbo-spring-boot-autoconfigure\0.2.0\dubbo-spring-boot-autoconfigure-0.2.0.jar;C:\life\repository_boot\com\github\sgroschupf\zkclient\0.1\zkclient-0.1.jar;C:\life\repository_boot\log4j\log4j\1.2.14\log4j-1.2.14.jar;C:\life\repository_boot\org\springframework\boot\spring-boot-starter-data-mongodb\2.1.0.RELEASE\spring-boot-starter-data-mongodb-2.1.0.RELEASE.jar;C:\life\repository_boot\org\mongodb\mongodb-driver\3.8.2\mongodb-driver-3.8.2.jar;C:\life\repository_boot\org\springframework\data\spring-data-mongodb\2.1.2.RELEASE\spring-data-mongodb-2.1.2.RELEASE.jar;C:\life\repository_boot\org\springframework\spring-tx\5.1.2.RELEASE\spring-tx-5.1.2.RELEASE.jar;C:\life\repository_boot\org\springframework\spring-beans\5.1.2.RELEASE\spring-beans-5.1.2.RELEASE.jar;C:\life\repository_boot\org\springframework\spring-expression\5.1.2.RELEASE\spring-expression-5.1.2.RELEASE.jar;C:\life\repository_boot\org\springframework\data\spring-data-commons\2.1.2.RELEASE\spring-data-commons-2.1.2.RELEASE.jar;C:\life\repository_boot\org\mongodb\mongodb-driver-sync\3.9.1\mongodb-driver-sync-3.9.1.jar;C:\life\repository_boot\org\mongodb\bson\3.8.2\bson-3.8.2.jar;C:\life\repository_boot\org\mongodb\mongodb-driver-core\3.8.2\mongodb-driver-core-3.8.2.jar;C:\life\repository_boot\org\apache\commons\commons-lang3\3.7\commons-lang3-3.7.jar;C:\life\repository_boot\joda-time\joda-time\2.9.9\joda-time-2.9.9.jar;C:\life\repository_boot\io\netty\netty-all\4.1.32.Final\netty-all-4.1.32.Final.jar;C:\life\repository_boot\cn\hutool\hutool-all\5.5.2\hutool-all-5.5.2.jar;C:\life\repository_boot\org\springframework\boot\spring-boot-starter-data-redis\2.1.0.RELEASE\spring-boot-starter-data-redis-2.1.0.RELEASE.jar;C:\life\repository_boot\org\springframework\data\spring-data-redis\2.1.2.RELEASE\spring-data-redis-2.1.2.RELEASE.jar;C:\life\repository_boot\org\springframework\data\spring-data-keyvalue\2.1.2.RELEASE\spring-data-keyvalue-2.1.2.RELEASE.jar;C:\life\repository_boot\org\springframework\spring-oxm\5.1.2.RELEASE\spring-oxm-5.1.2.RELEASE.jar;C:\life\repository_boot\org\springframework\spring-aop\5.1.2.RELEASE\spring-aop-5.1.2.RELEASE.jar;C:\life\repository_boot\org\springframework\spring-context-support\5.1.2.RELEASE\spring-context-support-5.1.2.RELEASE.jar;C:\life\repository_boot\io\lettuce\lettuce-core\5.1.2.RELEASE\lettuce-core-5.1.2.RELEASE.jar;C:\life\repository_boot\io\projectreactor\reactor-core\3.2.2.RELEASE\reactor-core-3.2.2.RELEASE.jar;C:\life\repository_boot\org\reactivestreams\reactive-streams\1.0.2\reactive-streams-1.0.2.jar;C:\life\repository_boot\io\netty\netty-common\4.1.29.Final\netty-common-4.1.29.Final.jar;C:\life\repository_boot\io\netty\netty-transport\4.1.29.Final\netty-transport-4.1.29.Final.jar;C:\life\repository_boot\io\netty\netty-buffer\4.1.29.Final\netty-buffer-4.1.29.Final.jar;C:\life\repository_boot\io\netty\netty-resolver\4.1.29.Final\netty-resolver-4.1.29.Final.jar;C:\life\repository_boot\io\netty\netty-handler\4.1.29.Final\netty-handler-4.1.29.Final.jar;C:\life\repository_boot\io\netty\netty-codec\4.1.29.Final\netty-codec-4.1.29.Final.jar;C:\life\repository_boot\org\springframework\boot\spring-boot-starter-test\2.1.0.RELEASE\spring-boot-starter-test-2.1.0.RELEASE.jar;C:\life\repository_boot\org\springframework\boot\spring-boot-test\2.1.0.RELEASE\spring-boot-test-2.1.0.RELEASE.jar;C:\life\repository_boot\org\springframework\boot\spring-boot-test-autoconfigure\2.1.0.RELEASE\spring-boot-test-autoconfigure-2.1.0.RELEASE.jar;C:\life\repository_boot\com\jayway\jsonpath\json-path\2.4.0\json-path-2.4.0.jar;C:\life\repository_boot\net\minidev\json-smart\2.3\json-smart-2.3.jar;C:\life\repository_boot\net\minidev\accessors-smart\1.2\accessors-smart-1.2.jar;C:\life\repository_boot\org\ow2\asm\asm\5.0.4\asm-5.0.4.jar;C:\life\repository_boot\org\assertj\assertj-core\3.11.1\assertj-core-3.11.1.jar;C:\life\repository_boot\org\mockito\mockito-core\2.23.0\mockito-core-2.23.0.jar;C:\life\repository_boot\net\bytebuddy\byte-buddy\1.9.3\byte-buddy-1.9.3.jar;C:\life\repository_boot\net\bytebuddy\byte-buddy-agent\1.9.3\byte-buddy-agent-1.9.3.jar;C:\life\repository_boot\org\objenesis\objenesis\2.6\objenesis-2.6.jar;C:\life\repository_boot\org\hamcrest\hamcrest-core\1.3\hamcrest-core-1.3.jar;C:\life\repository_boot\org\hamcrest\hamcrest-library\1.3\hamcrest-library-1.3.jar;C:\life\repository_boot\org\skyscreamer\jsonassert\1.5.0\jsonassert-1.5.0.jar;C:\life\repository_boot\com\vaadin\external\google\android-json\0.0.20131108.vaadin1\android-json-0.0.20131108.vaadin1.jar;C:\life\repository_boot\org\springframework\spring-test\5.1.2.RELEASE\spring-test-5.1.2.RELEASE.jar;C:\life\repository_boot\org\xmlunit\xmlunit-core\2.6.2\xmlunit-core-2.6.2.jar;C:\life\repository_boot\junit\junit\4.12\junit-4.12.jar;"/>
    <property name="sun.cpu.endian" value="little"/>
    <property name="user.home" value="C:\Users\15335"/>
    <property name="user.language" value="zh"/>
    <property name="java.specification.vendor" value="Oracle Corporation"/>
    <property name="java.home" value="C:\Program Files\Java\jdk1.8.0_301\jre"/>
    <property name="basedir" value="C:\CodeSpace\youliao\my-youliao-dubbo\my-youliao-dubbo-service"/>
    <property name="file.separator" value="\"/>
    <property name="line.separator" value="&#10;"/>
    <property name="java.vm.specification.vendor" value="Oracle Corporation"/>
    <property name="java.specification.name" value="Java Platform API Specification"/>
    <property name="java.awt.graphicsenv" value="sun.awt.Win32GraphicsEnvironment"/>
    <property name="surefire.real.class.path" value="C:\Users\15335\AppData\Local\Temp\surefire5529579104878999231\surefirebooter75323819885627879.jar"/>
    <property name="sun.boot.class.path" value="C:\Program Files\Java\jdk1.8.0_301\jre\lib\resources.jar;C:\Program Files\Java\jdk1.8.0_301\jre\lib\rt.jar;C:\Program Files\Java\jdk1.8.0_301\jre\lib\sunrsasign.jar;C:\Program Files\Java\jdk1.8.0_301\jre\lib\jsse.jar;C:\Program Files\Java\jdk1.8.0_301\jre\lib\jce.jar;C:\Program Files\Java\jdk1.8.0_301\jre\lib\charsets.jar;C:\Program Files\Java\jdk1.8.0_301\jre\lib\jfr.jar;C:\Program Files\Java\jdk1.8.0_301\jre\classes"/>
    <property name="user.script" value=""/>
    <property name="sun.management.compiler" value="HotSpot 64-Bit Tiered Compilers"/>
    <property name="java.runtime.version" value="1.8.0_301-b09"/>
    <property name="user.name" value="15335"/>
    <property name="path.separator" value=";"/>
    <property name="os.version" value="10.0"/>
    <property name="java.endorsed.dirs" value="C:\Program Files\Java\jdk1.8.0_301\jre\lib\endorsed"/>
    <property name="java.runtime.name" value="Java(TM) SE Runtime Environment"/>
    <property name="file.encoding" value="GBK"/>
    <property name="java.vm.name" value="Java HotSpot(TM) 64-Bit Server VM"/>
    <property name="localRepository" value="C:\life\repository_boot"/>
    <property name="java.vendor.url.bug" value="http://bugreport.sun.com/bugreport/"/>
    <property name="java.io.tmpdir" value="C:\Users\15335\AppData\Local\Temp\"/>
    <property name="idea.version" value="2021.2.3"/>
    <property name="java.version" value="1.8.0_301"/>
    <property name="user.dir" value="C:\CodeSpace\youliao\my-youliao-dubbo\my-youliao-dubbo-service"/>
    <property name="os.arch" value="amd64"/>
    <property name="java.vm.specification.name" value="Java Virtual Machine Specification"/>
    <property name="java.awt.printerjob" value="sun.awt.windows.WPrinterJob"/>
    <property name="sun.os.patch.level" value=""/>
    <property name="java.library.path" value="C:\Program Files\Java\jdk1.8.0_301\jre\bin;C:\WINDOWS\Sun\Java\bin;C:\WINDOWS\system32;C:\WINDOWS;C:\develop\VMware\bin\;C:\Program Files\Java\jdk1.8.0_301\bin;C:\Windows\System32;C:\develop\Git\cmd;C:\develop\Maven\apache-maven-3.5.2\bin;C:\develop\tomcat\apache-tomcat-9.0.29\bin;C:\life\NodeJs\;C:\develop\redis3.2.1\;C:\develop\mysql\mysql-5.7.30\bin;C:\Users\15335\AppData\Local\Microsoft\WindowsApps;C:\Program Files\Bandizip\;C:\Users\15335\AppData\Roaming\npm;C:\develop\Microsoft VS Code\bin;."/>
    <property name="java.vm.info" value="mixed mode"/>
    <property name="java.vendor" value="Oracle Corporation"/>
    <property name="java.vm.version" value="25.301-b09"/>
    <property name="java.ext.dirs" value="C:\Program Files\Java\jdk1.8.0_301\jre\lib\ext;C:\WINDOWS\Sun\Java\lib\ext"/>
    <property name="sun.io.unicode.encoding" value="UnicodeLittle"/>
    <property name="java.class.version" value="52.0"/>
  </properties>
  <testcase name="initializationError" classname="com.youliao.dubbo.server.api.TestTimeLineService" time="0">
    <error message="No runnable methods" type="java.lang.Exception">java.lang.Exception: No runnable methods
</error>
  </testcase>
</testsuite>